# JRE version: OpenJDK Runtime Environment (8.0-b09) (build 1.8.0-332-b09)
# Java VM: OpenJDK 64-Bit Server VM (25.71-b09 mixed mode windows-amd64 compressed oops)
Heap:
 PSYoungGen      total 153088K, used 59790K [0x0000000715b80000, 0x0000000722780000, 0x00000007c0000000)
  eden space 131584K, 45% used [0x0000000715b80000,0x00000007195e3bf0,0x000000071dc00000)
  from space 21504K, 0% used [0x000000071dc00000,0x000000071dc00000,0x000000071f100000)
  to   space 21504K, 0% used [0x000000071f100000,0x000000071f100000,0x0000000720600000)
 ParOldGen       total 232960K, used 10246K [0x00000005c1200000, 0x00000005cf580000, 0x0000000715b80000)
  object space 232960K, 4% used [0x00000005c1200000,0x00000005c1c01858,0x00000005cf580000)
 Metaspace       used 24283K, capacity 24844K, committed 25216K, reserved 1073152K
  class space    used 2922K, capacity 3081K, committed 3200K, reserved 1048576K
GC Heap History (10 events):
Event: 0.261 GC heap before
{Heap before GC invocations=1 (full 0):
 PSYoungGen      total 153088K, used 18430K [0x0000000715b80000, 0x0000000720600000, 0x00000007c0000000)
  eden space 131584K, 14% used [0x0000000715b80000,0x0000000716d7f800,0x000000071dc00000)
  from space 21504K, 0% used [0x000000071f100000,0x000000071f100000,0x0000000720600000)
  to   space 21504K, 0% used [0x000000071dc00000,0x000000071dc00000,0x000000071f100000)
 ParOldGen       total 349696K, used 0K [0x00000005c1200000, 0x00000005d6780000, 0x0000000715b80000)
  object space 349696K, 0% used [0x00000005c1200000,0x00000005c1200000,0x00000005d6780000)
 Metaspace       used 6554K, capacity 6652K, committed 6784K, reserved 1060864K
  class space    used 726K, capacity 792K, committed 896K, reserved 1048576K
Event: 0.263 GC heap after
Heap after GC invocations=1 (full 0):
 PSYoungGen      total 153088K, used 3319K [0x0000000715b80000, 0x0000000720600000, 0x00000007c0000000)
  eden space 131584K, 0% used [0x0000000715b80000,0x0000000715b80000,0x000000071dc00000)
  from space 21504K, 15% used [0x000000071dc00000,0x000000071df3de70,0x000000071f100000)
  to   space 21504K, 0% used [0x000000071f100000,0x000000071f100000,0x0000000720600000)
 ParOldGen       total 349696K, used 8K [0x00000005c1200000, 0x00000005d6780000, 0x0000000715b80000)
  object space 349696K, 0% used [0x00000005c1200000,0x00000005c1202000,0x00000005d6780000)
 Metaspace       used 6554K, capacity 6652K, committed 6784K, reserved 1060864K
  class space    used 726K, capacity 792K, committed 896K, reserved 1048576K
}
Event: 0.263 GC heap before
{Heap before GC invocations=2 (full 1):
 PSYoungGen      total 153088K, used 3319K [0x0000000715b80000, 0x0000000720600000, 0x00000007c0000000)
  eden space 131584K, 0% used [0x0000000715b80000,0x0000000715b80000,0x000000071dc00000)
  from space 21504K, 15% used [0x000000071dc00000,0x000000071df3de70,0x000000071f100000)
  to   space 21504K, 0% used [0x000000071f100000,0x000000071f100000,0x0000000720600000)
 ParOldGen       total 349696K, used 8K [0x00000005c1200000, 0x00000005d6780000, 0x0000000715b80000)
  object space 349696K, 0% used [0x00000005c1200000,0x00000005c1202000,0x00000005d6780000)
 Metaspace       used 6554K, capacity 6652K, committed 6784K, reserved 1060864K
  class space    used 726K, capacity 792K, committed 896K, reserved 1048576K
Event: 0.269 GC heap after
Heap after GC invocations=2 (full 1):
 PSYoungGen      total 153088K, used 0K [0x0000000715b80000, 0x0000000720600000, 0x00000007c0000000)
  eden space 131584K, 0% used [0x0000000715b80000,0x0000000715b80000,0x000000071dc00000)
  from space 21504K, 0% used [0x000000071dc00000,0x000000071dc00000,0x000000071f100000)
  to   space 21504K, 0% used [0x000000071f100000,0x000000071f100000,0x0000000720600000)
 ParOldGen       total 232960K, used 3110K [0x00000005c1200000, 0x00000005cf580000, 0x0000000715b80000)
  object space 232960K, 1% used [0x00000005c1200000,0x00000005c1509bd8,0x00000005cf580000)
 Metaspace       used 6554K, capacity 6652K, committed 6784K, reserved 1058816K
  class space    used 726K, capacity 792K, committed 896K, reserved 1048576K
}
Event: 1.313 GC heap before
{Heap before GC invocations=3 (full 1):
 PSYoungGen      total 153088K, used 131584K [0x0000000715b80000, 0x0000000720600000, 0x00000007c0000000)
  eden space 131584K, 100% used [0x0000000715b80000,0x000000071dc00000,0x000000071dc00000)
  from space 21504K, 0% used [0x000000071dc00000,0x000000071dc00000,0x000000071f100000)
  to   space 21504K, 0% used [0x000000071f100000,0x000000071f100000,0x0000000720600000)
 ParOldGen       total 232960K, used 3110K [0x00000005c1200000, 0x00000005cf580000, 0x0000000715b80000)
  object space 232960K, 1% used [0x00000005c1200000,0x00000005c1509bd8,0x00000005cf580000)
 Metaspace       used 16322K, capacity 16638K, committed 17024K, reserved 1067008K
  class space    used 1942K, capacity 2053K, committed 2176K, reserved 1048576K
Event: 1.321 GC heap after
Heap after GC invocations=3 (full 1):
 PSYoungGen      total 153088K, used 15081K [0x0000000715b80000, 0x0000000722780000, 0x00000007c0000000)
  eden space 131584K, 0% used [0x0000000715b80000,0x0000000715b80000,0x000000071dc00000)
  from space 21504K, 70% used [0x000000071f100000,0x000000071ffba600,0x0000000720600000)
  to   space 21504K, 0% used [0x000000071dc00000,0x000000071dc00000,0x000000071f100000)
 ParOldGen       total 232960K, used 3118K [0x00000005c1200000, 0x00000005cf580000, 0x0000000715b80000)
  object space 232960K, 1% used [0x00000005c1200000,0x00000005c150bbd8,0x00000005cf580000)
 Metaspace       used 16322K, capacity 16638K, committed 17024K, reserved 1067008K
  class space    used 1942K, capacity 2053K, committed 2176K, reserved 1048576K
}
Event: 1.594 GC heap before
{Heap before GC invocations=4 (full 1):
 PSYoungGen      total 153088K, used 42846K [0x0000000715b80000, 0x0000000722780000, 0x00000007c0000000)
  eden space 131584K, 21% used [0x0000000715b80000,0x000000071769d5b0,0x000000071dc00000)
  from space 21504K, 70% used [0x000000071f100000,0x000000071ffba600,0x0000000720600000)
  to   space 21504K, 0% used [0x000000071dc00000,0x000000071dc00000,0x000000071f100000)
 ParOldGen       total 232960K, used 3118K [0x00000005c1200000, 0x00000005cf580000, 0x0000000715b80000)
  object space 232960K, 1% used [0x00000005c1200000,0x00000005c150bbd8,0x00000005cf580000)
 Metaspace       used 20740K, capacity 21090K, committed 21296K, reserved 1071104K
  class space    used 2506K, capacity 2645K, committed 2688K, reserved 1048576K
Event: 1.600 GC heap after
Heap after GC invocations=4 (full 1):
 PSYoungGen      total 153088K, used 9137K [0x0000000715b80000, 0x0000000722780000, 0x00000007c0000000)
  eden space 131584K, 0% used [0x0000000715b80000,0x0000000715b80000,0x000000071dc00000)
  from space 21504K, 42% used [0x000000071dc00000,0x000000071e4ec630,0x000000071f100000)
  to   space 21504K, 0% used [0x000000071f100000,0x000000071f100000,0x0000000720600000)
 ParOldGen       total 232960K, used 3126K [0x00000005c1200000, 0x00000005cf580000, 0x0000000715b80000)
  object space 232960K, 1% used [0x00000005c1200000,0x00000005c150dbd8,0x00000005cf580000)
 Metaspace       used 20740K, capacity 21090K, committed 21296K, reserved 1071104K
  class space    used 2506K, capacity 2645K, committed 2688K, reserved 1048576K
}
Event: 1.600 GC heap before
{Heap before GC invocations=5 (full 2):
 PSYoungGen      total 153088K, used 9137K [0x0000000715b80000, 0x0000000722780000, 0x00000007c0000000)
  eden space 131584K, 0% used [0x0000000715b80000,0x0000000715b80000,0x000000071dc00000)
  from space 21504K, 42% used [0x000000071dc00000,0x000000071e4ec630,0x000000071f100000)
  to   space 21504K, 0% used [0x000000071f100000,0x000000071f100000,0x0000000720600000)
 ParOldGen       total 232960K, used 3126K [0x00000005c1200000, 0x00000005cf580000, 0x0000000715b80000)
  object space 232960K, 1% used [0x00000005c1200000,0x00000005c150dbd8,0x00000005cf580000)
 Metaspace       used 20740K, capacity 21090K, committed 21296K, reserved 1071104K
  class space    used 2506K, capacity 2645K, committed 2688K, reserved 1048576K
Event: 1.622 GC heap after
Heap after GC invocations=5 (full 2):
 PSYoungGen      total 153088K, used 0K [0x0000000715b80000, 0x0000000722780000, 0x00000007c0000000)
  eden space 131584K, 0% used [0x0000000715b80000,0x0000000715b80000,0x000000071dc00000)
  from space 21504K, 0% used [0x000000071dc00000,0x000000071dc00000,0x000000071f100000)
  to   space 21504K, 0% used [0x000000071f100000,0x000000071f100000,0x0000000720600000)
 ParOldGen       total 232960K, used 10246K [0x00000005c1200000, 0x00000005cf580000, 0x0000000715b80000)
  object space 232960K, 4% used [0x00000005c1200000,0x00000005c1c01858,0x00000005cf580000)
 Metaspace       used 20740K, capacity 21090K, committed 21296K, reserved 1071104K
  class space    used 2506K, capacity 2645K, committed 2688K, reserved 1048576K
}

